This file contains any messages produced by compilers while
running configure, to aid debugging if configure makes a mistake.

It was created by netdata configure 1.4.1_master, which was
generated by GNU Autoconf 2.69.  Invocation command line was

  $ ./configure --prefix=/usr --sysconfdir=/etc --localstatedir=/var --with-zlib --with-math --with-user=netdata CFLAGS=-O3

## --------- ##
## Platform. ##
## --------- ##

hostname = 5209r.smd.net
uname -m = x86_64
uname -r = 2.6.32-042stab117.14
uname -s = Linux
uname -v = #1 SMP Tue Aug 30 17:12:57 MSK 2016

/usr/bin/uname -p = x86_64
/bin/uname -X     = unknown

/bin/arch              = x86_64
/usr/bin/arch -k       = unknown
/usr/convex/getsysinfo = unknown
/usr/bin/hostinfo      = unknown
/bin/machine           = unknown
/usr/bin/oslevel       = unknown
/bin/universe          = unknown

PATH: /usr/local/sbin
PATH: /usr/local/bin
PATH: /usr/sbin
PATH: /usr/bin
PATH: /etc/alternatives
PATH: /root/bin
PATH: /etc/alternatives
PATH: /sbin
PATH: /usr/sbin
PATH: /usr/local/bin
PATH: /usr/local/sbin


## ----------- ##
## Core tests. ##
## ----------- ##

configure:2599: checking whether to enable maintainer-specific portions of Makefiles
configure:2608: result: no
configure:2680: checking for a BSD-compatible install
configure:2748: result: /usr/bin/install -c
configure:2759: checking whether build environment is sane
configure:2814: result: yes
configure:2965: checking for a thread-safe mkdir -p
configure:3004: result: /usr/bin/mkdir -p
configure:3011: checking for gawk
configure:3027: found /usr/bin/gawk
configure:3038: result: gawk
configure:3049: checking whether make sets $(MAKE)
configure:3071: result: yes
configure:3100: checking whether make supports nested variables
configure:3117: result: yes
configure:3205: checking build system type
configure:3219: result: x86_64-unknown-linux-gnu
configure:3239: checking host system type
configure:3252: result: x86_64-unknown-linux-gnu
configure:3320: checking for gcc
configure:3336: found /usr/bin/gcc
configure:3347: result: gcc
configure:3576: checking for C compiler version
configure:3585: gcc --version >&5
gcc (GCC) 4.8.5 20150623 (Red Hat 4.8.5-11)
Copyright (C) 2015 Free Software Foundation, Inc.
This is free software; see the source for copying conditions.  There is NO
warranty; not even for MERCHANTABILITY or FITNESS FOR A PARTICULAR PURPOSE.

configure:3596: $? = 0
configure:3585: gcc -v >&5
Using built-in specs.
COLLECT_GCC=gcc
COLLECT_LTO_WRAPPER=/usr/libexec/gcc/x86_64-redhat-linux/4.8.5/lto-wrapper
Target: x86_64-redhat-linux
Configured with: ../configure --prefix=/usr --mandir=/usr/share/man --infodir=/usr/share/info --with-bugurl=http://bugzilla.redhat.com/bugzilla --enable-bootstrap --enable-shared --enable-threads=posix --enable-checking=release --with-system-zlib --enable-__cxa_atexit --disable-libunwind-exceptions --enable-gnu-unique-object --enable-linker-build-id --with-linker-hash-style=gnu --enable-languages=c,c++,objc,obj-c++,java,fortran,ada,go,lto --enable-plugin --enable-initfini-array --disable-libgcj --with-isl=/builddir/build/BUILD/gcc-4.8.5-20150702/obj-x86_64-redhat-linux/isl-install --with-cloog=/builddir/build/BUILD/gcc-4.8.5-20150702/obj-x86_64-redhat-linux/cloog-install --enable-gnu-indirect-function --with-tune=generic --with-arch_32=x86-64 --build=x86_64-redhat-linux
Thread model: posix
gcc version 4.8.5 20150623 (Red Hat 4.8.5-11) (GCC) 
configure:3596: $? = 0
configure:3585: gcc -V >&5
gcc: error: unrecognized command line option '-V'
gcc: fatal error: no input files
compilation terminated.
configure:3596: $? = 4
configure:3585: gcc -qversion >&5
gcc: error: unrecognized command line option '-qversion'
gcc: fatal error: no input files
compilation terminated.
configure:3596: $? = 4
configure:3616: checking whether the C compiler works
configure:3638: gcc -O3   conftest.c  >&5
configure:3642: $? = 0
configure:3690: result: yes
configure:3693: checking for C compiler default output file name
configure:3695: result: a.out
configure:3701: checking for suffix of executables
configure:3708: gcc -o conftest -O3   conftest.c  >&5
configure:3712: $? = 0
configure:3734: result: 
configure:3756: checking whether we are cross compiling
configure:3764: gcc -o conftest -O3   conftest.c  >&5
configure:3768: $? = 0
configure:3775: ./conftest
configure:3779: $? = 0
configure:3794: result: no
configure:3799: checking for suffix of object files
configure:3821: gcc -c -O3  conftest.c >&5
configure:3825: $? = 0
configure:3846: result: o
configure:3850: checking whether we are using the GNU C compiler
configure:3869: gcc -c -O3  conftest.c >&5
configure:3869: $? = 0
configure:3878: result: yes
configure:3887: checking whether gcc accepts -g
configure:3907: gcc -c -g  conftest.c >&5
configure:3907: $? = 0
configure:3948: result: yes
configure:3965: checking for gcc option to accept ISO C89
configure:4028: gcc  -c -O3  conftest.c >&5
configure:4028: $? = 0
configure:4041: result: none needed
configure:4072: checking for style of include used by make
configure:4100: result: GNU
configure:4126: checking dependency style of gcc
configure:4237: result: gcc3
configure:4307: checking for pkg-config
configure:4325: found /usr/bin/pkg-config
configure:4337: result: /usr/bin/pkg-config
configure:4362: checking pkg-config is at least version 0.9.0
configure:4365: result: yes
configure:4379: checking how to run the C preprocessor
configure:4410: gcc -E  conftest.c
configure:4410: $? = 0
configure:4424: gcc -E  conftest.c
conftest.c:11:28: fatal error: ac_nonexistent.h: No such file or directory
 #include <ac_nonexistent.h>
                            ^
compilation terminated.
configure:4424: $? = 1
configure: failed program was:
| /* confdefs.h */
| #define PACKAGE_NAME "netdata"
| #define PACKAGE_TARNAME "netdata"
| #define PACKAGE_VERSION "1.4.1_master"
| #define PACKAGE_STRING "netdata 1.4.1_master"
| #define PACKAGE_BUGREPORT ""
| #define PACKAGE_URL ""
| #define PACKAGE "netdata"
| #define VERSION "1.4.1_master"
| /* end confdefs.h.  */
| #include <ac_nonexistent.h>
configure:4449: result: gcc -E
configure:4469: gcc -E  conftest.c
configure:4469: $? = 0
configure:4483: gcc -E  conftest.c
conftest.c:11:28: fatal error: ac_nonexistent.h: No such file or directory
 #include <ac_nonexistent.h>
                            ^
compilation terminated.
configure:4483: $? = 1
configure: failed program was:
| /* confdefs.h */
| #define PACKAGE_NAME "netdata"
| #define PACKAGE_TARNAME "netdata"
| #define PACKAGE_VERSION "1.4.1_master"
| #define PACKAGE_STRING "netdata 1.4.1_master"
| #define PACKAGE_BUGREPORT ""
| #define PACKAGE_URL ""
| #define PACKAGE "netdata"
| #define VERSION "1.4.1_master"
| /* end confdefs.h.  */
| #include <ac_nonexistent.h>
configure:4512: checking for grep that handles long lines and -e
configure:4570: result: /usr/bin/grep
configure:4575: checking for egrep
configure:4637: result: /usr/bin/grep -E
configure:4642: checking for ANSI C header files
configure:4662: gcc -c -O3  conftest.c >&5
configure:4662: $? = 0
configure:4735: gcc -o conftest -O3   conftest.c  >&5
configure:4735: $? = 0
configure:4735: ./conftest
configure:4735: $? = 0
configure:4746: result: yes
configure:4759: checking for sys/types.h
configure:4759: gcc -c -O3  conftest.c >&5
configure:4759: $? = 0
configure:4759: result: yes
configure:4759: checking for sys/stat.h
configure:4759: gcc -c -O3  conftest.c >&5
configure:4759: $? = 0
configure:4759: result: yes
configure:4759: checking for stdlib.h
configure:4759: gcc -c -O3  conftest.c >&5
configure:4759: $? = 0
configure:4759: result: yes
configure:4759: checking for string.h
configure:4759: gcc -c -O3  conftest.c >&5
configure:4759: $? = 0
configure:4759: result: yes
configure:4759: checking for memory.h
configure:4759: gcc -c -O3  conftest.c >&5
configure:4759: $? = 0
configure:4759: result: yes
configure:4759: checking for strings.h
configure:4759: gcc -c -O3  conftest.c >&5
configure:4759: $? = 0
configure:4759: result: yes
configure:4759: checking for inttypes.h
configure:4759: gcc -c -O3  conftest.c >&5
configure:4759: $? = 0
configure:4759: result: yes
configure:4759: checking for stdint.h
configure:4759: gcc -c -O3  conftest.c >&5
configure:4759: $? = 0
configure:4759: result: yes
configure:4759: checking for unistd.h
configure:4759: gcc -c -O3  conftest.c >&5
configure:4759: $? = 0
configure:4759: result: yes
configure:4772: checking minix/config.h usability
configure:4772: gcc -c -O3  conftest.c >&5
conftest.c:54:26: fatal error: minix/config.h: No such file or directory
 #include <minix/config.h>
                          ^
compilation terminated.
configure:4772: $? = 1
configure: failed program was:
| /* confdefs.h */
| #define PACKAGE_NAME "netdata"
| #define PACKAGE_TARNAME "netdata"
| #define PACKAGE_VERSION "1.4.1_master"
| #define PACKAGE_STRING "netdata 1.4.1_master"
| #define PACKAGE_BUGREPORT ""
| #define PACKAGE_URL ""
| #define PACKAGE "netdata"
| #define VERSION "1.4.1_master"
| #define STDC_HEADERS 1
| #define HAVE_SYS_TYPES_H 1
| #define HAVE_SYS_STAT_H 1
| #define HAVE_STDLIB_H 1
| #define HAVE_STRING_H 1
| #define HAVE_MEMORY_H 1
| #define HAVE_STRINGS_H 1
| #define HAVE_INTTYPES_H 1
| #define HAVE_STDINT_H 1
| #define HAVE_UNISTD_H 1
| /* end confdefs.h.  */
| #include <stdio.h>
| #ifdef HAVE_SYS_TYPES_H
| # include <sys/types.h>
| #endif
| #ifdef HAVE_SYS_STAT_H
| # include <sys/stat.h>
| #endif
| #ifdef STDC_HEADERS
| # include <stdlib.h>
| # include <stddef.h>
| #else
| # ifdef HAVE_STDLIB_H
| #  include <stdlib.h>
| # endif
| #endif
| #ifdef HAVE_STRING_H
| # if !defined STDC_HEADERS && defined HAVE_MEMORY_H
| #  include <memory.h>
| # endif
| # include <string.h>
| #endif
| #ifdef HAVE_STRINGS_H
| # include <strings.h>
| #endif
| #ifdef HAVE_INTTYPES_H
| # include <inttypes.h>
| #endif
| #ifdef HAVE_STDINT_H
| # include <stdint.h>
| #endif
| #ifdef HAVE_UNISTD_H
| # include <unistd.h>
| #endif
| #include <minix/config.h>
configure:4772: result: no
configure:4772: checking minix/config.h presence
configure:4772: gcc -E  conftest.c
conftest.c:21:26: fatal error: minix/config.h: No such file or directory
 #include <minix/config.h>
                          ^
compilation terminated.
configure:4772: $? = 1
configure: failed program was:
| /* confdefs.h */
| #define PACKAGE_NAME "netdata"
| #define PACKAGE_TARNAME "netdata"
| #define PACKAGE_VERSION "1.4.1_master"
| #define PACKAGE_STRING "netdata 1.4.1_master"
| #define PACKAGE_BUGREPORT ""
| #define PACKAGE_URL ""
| #define PACKAGE "netdata"
| #define VERSION "1.4.1_master"
| #define STDC_HEADERS 1
| #define HAVE_SYS_TYPES_H 1
| #define HAVE_SYS_STAT_H 1
| #define HAVE_STDLIB_H 1
| #define HAVE_STRING_H 1
| #define HAVE_MEMORY_H 1
| #define HAVE_STRINGS_H 1
| #define HAVE_INTTYPES_H 1
| #define HAVE_STDINT_H 1
| #define HAVE_UNISTD_H 1
| /* end confdefs.h.  */
| #include <minix/config.h>
configure:4772: result: no
configure:4772: checking for minix/config.h
configure:4772: result: no
configure:4793: checking whether it is safe to define __EXTENSIONS__
configure:4811: gcc -c -O3  conftest.c >&5
configure:4811: $? = 0
configure:4818: result: yes
configure:4838: checking for accept4
configure:4838: gcc -o conftest -O3   conftest.c  >&5
configure:4838: $? = 0
configure:4838: result: yes
configure:4850: checking for struct timespec
configure:4850: gcc -c -O3  conftest.c >&5
configure:4850: $? = 0
configure:4850: gcc -c -O3  conftest.c >&5
conftest.c: In function 'main':
conftest.c:32:30: error: expected expression before ')' token
 if (sizeof ((struct timespec)))
                              ^
configure:4850: $? = 1
configure: failed program was:
| /* confdefs.h */
| #define PACKAGE_NAME "netdata"
| #define PACKAGE_TARNAME "netdata"
| #define PACKAGE_VERSION "1.4.1_master"
| #define PACKAGE_STRING "netdata 1.4.1_master"
| #define PACKAGE_BUGREPORT ""
| #define PACKAGE_URL ""
| #define PACKAGE "netdata"
| #define VERSION "1.4.1_master"
| #define STDC_HEADERS 1
| #define HAVE_SYS_TYPES_H 1
| #define HAVE_SYS_STAT_H 1
| #define HAVE_STDLIB_H 1
| #define HAVE_STRING_H 1
| #define HAVE_MEMORY_H 1
| #define HAVE_STRINGS_H 1
| #define HAVE_INTTYPES_H 1
| #define HAVE_STDINT_H 1
| #define HAVE_UNISTD_H 1
| #define __EXTENSIONS__ 1
| #define _ALL_SOURCE 1
| #define _GNU_SOURCE 1
| #define _POSIX_PTHREAD_SEMANTICS 1
| #define _TANDEM_SOURCE 1
| #define HAVE_ACCEPT4 1
| /* end confdefs.h.  */
| #include <time.h>
| 
| int
| main ()
| {
| if (sizeof ((struct timespec)))
| 	    return 0;
|   ;
|   return 0;
| }
configure:4850: result: yes
configure:4860: checking for clockid_t
configure:4860: gcc -c -O3  conftest.c >&5
configure:4860: $? = 0
configure:4860: gcc -c -O3  conftest.c >&5
conftest.c: In function 'main':
conftest.c:33:24: error: expected expression before ')' token
 if (sizeof ((clockid_t)))
                        ^
configure:4860: $? = 1
configure: failed program was:
| /* confdefs.h */
| #define PACKAGE_NAME "netdata"
| #define PACKAGE_TARNAME "netdata"
| #define PACKAGE_VERSION "1.4.1_master"
| #define PACKAGE_STRING "netdata 1.4.1_master"
| #define PACKAGE_BUGREPORT ""
| #define PACKAGE_URL ""
| #define PACKAGE "netdata"
| #define VERSION "1.4.1_master"
| #define STDC_HEADERS 1
| #define HAVE_SYS_TYPES_H 1
| #define HAVE_SYS_STAT_H 1
| #define HAVE_STDLIB_H 1
| #define HAVE_STRING_H 1
| #define HAVE_MEMORY_H 1
| #define HAVE_STRINGS_H 1
| #define HAVE_INTTYPES_H 1
| #define HAVE_STDINT_H 1
| #define HAVE_UNISTD_H 1
| #define __EXTENSIONS__ 1
| #define _ALL_SOURCE 1
| #define _GNU_SOURCE 1
| #define _POSIX_PTHREAD_SEMANTICS 1
| #define _TANDEM_SOURCE 1
| #define HAVE_ACCEPT4 1
| #define HAVE_STRUCT_TIMESPEC 1
| /* end confdefs.h.  */
| #include <time.h>
| 
| int
| main ()
| {
| if (sizeof ((clockid_t)))
| 	    return 0;
|   ;
|   return 0;
| }
configure:4860: result: yes
configure:4871: checking for library containing clock_gettime
configure:4902: gcc -o conftest -O3   conftest.c  >&5
configure:4902: $? = 0
configure:4919: result: none required
configure:4929: checking for clock_gettime
configure:4929: gcc -o conftest -O3   conftest.c  >&5
configure:4929: $? = 0
configure:4929: result: yes
configure:5130: checking if compiler needs -Werror to reject unknown flags
configure:5146: gcc -c -O3 -Werror -Wunknown-warning-option -Wsizeof-array-argument  conftest.c >&5
gcc: error: unrecognized command line option '-Wunknown-warning-option'
gcc: error: unrecognized command line option '-Wsizeof-array-argument'
configure:5146: $? = 1
configure: failed program was:
| /* confdefs.h */
| #define PACKAGE_NAME "netdata"
| #define PACKAGE_TARNAME "netdata"
| #define PACKAGE_VERSION "1.4.1_master"
| #define PACKAGE_STRING "netdata 1.4.1_master"
| #define PACKAGE_BUGREPORT ""
| #define PACKAGE_URL ""
| #define PACKAGE "netdata"
| #define VERSION "1.4.1_master"
| #define STDC_HEADERS 1
| #define HAVE_SYS_TYPES_H 1
| #define HAVE_SYS_STAT_H 1
| #define HAVE_STDLIB_H 1
| #define HAVE_STRING_H 1
| #define HAVE_MEMORY_H 1
| #define HAVE_STRINGS_H 1
| #define HAVE_INTTYPES_H 1
| #define HAVE_STDINT_H 1
| #define HAVE_UNISTD_H 1
| #define __EXTENSIONS__ 1
| #define _ALL_SOURCE 1
| #define _GNU_SOURCE 1
| #define _POSIX_PTHREAD_SEMANTICS 1
| #define _TANDEM_SOURCE 1
| #define HAVE_ACCEPT4 1
| #define HAVE_STRUCT_TIMESPEC 1
| #define HAVE_CLOCKID_T 1
| #define HAVE_CLOCK_GETTIME 1
| /* end confdefs.h.  */
| int foo(void);
| int
| main ()
| {
| foo()
|   ;
|   return 0;
| }
configure:5151: result: no
configure:5217: checking for the pthreads library -lpthreads
configure:5255: gcc -o conftest -O3     conftest.c -lpthreads  >&5
/usr/bin/ld: cannot find -lpthreads
collect2: error: ld returned 1 exit status
configure:5255: $? = 1
configure: failed program was:
| /* confdefs.h */
| #define PACKAGE_NAME "netdata"
| #define PACKAGE_TARNAME "netdata"
| #define PACKAGE_VERSION "1.4.1_master"
| #define PACKAGE_STRING "netdata 1.4.1_master"
| #define PACKAGE_BUGREPORT ""
| #define PACKAGE_URL ""
| #define PACKAGE "netdata"
| #define VERSION "1.4.1_master"
| #define STDC_HEADERS 1
| #define HAVE_SYS_TYPES_H 1
| #define HAVE_SYS_STAT_H 1
| #define HAVE_STDLIB_H 1
| #define HAVE_STRING_H 1
| #define HAVE_MEMORY_H 1
| #define HAVE_STRINGS_H 1
| #define HAVE_INTTYPES_H 1
| #define HAVE_STDINT_H 1
| #define HAVE_UNISTD_H 1
| #define __EXTENSIONS__ 1
| #define _ALL_SOURCE 1
| #define _GNU_SOURCE 1
| #define _POSIX_PTHREAD_SEMANTICS 1
| #define _TANDEM_SOURCE 1
| #define HAVE_ACCEPT4 1
| #define HAVE_STRUCT_TIMESPEC 1
| #define HAVE_CLOCKID_T 1
| #define HAVE_CLOCK_GETTIME 1
| /* end confdefs.h.  */
| #include <pthread.h>
|                         static void routine(void *a) { a = 0; }
|                         static void *start_routine(void *a) { return a; }
| int
| main ()
| {
| pthread_t th; pthread_attr_t attr;
|                         pthread_create(&th, 0, start_routine, 0);
|                         pthread_join(th, 0);
|                         pthread_attr_init(&attr);
|                         pthread_cleanup_push(routine, 0);
|                         pthread_cleanup_pop(0) /* ; */
|   ;
|   return 0;
| }
configure:5264: result: no
configure:5162: checking whether pthreads work without any flags
configure:5255: gcc -o conftest -O3     conftest.c   >&5
/tmp/ccn1LUFo.o: In function `main':
conftest.c:(.text.startup+0x16): undefined reference to `pthread_create'
conftest.c:(.text.startup+0x22): undefined reference to `pthread_join'
conftest.c:(.text.startup+0x46): undefined reference to `__pthread_register_cancel'
conftest.c:(.text.startup+0x50): undefined reference to `__pthread_unregister_cancel'
collect2: error: ld returned 1 exit status
configure:5255: $? = 1
configure: failed program was:
| /* confdefs.h */
| #define PACKAGE_NAME "netdata"
| #define PACKAGE_TARNAME "netdata"
| #define PACKAGE_VERSION "1.4.1_master"
| #define PACKAGE_STRING "netdata 1.4.1_master"
| #define PACKAGE_BUGREPORT ""
| #define PACKAGE_URL ""
| #define PACKAGE "netdata"
| #define VERSION "1.4.1_master"
| #define STDC_HEADERS 1
| #define HAVE_SYS_TYPES_H 1
| #define HAVE_SYS_STAT_H 1
| #define HAVE_STDLIB_H 1
| #define HAVE_STRING_H 1
| #define HAVE_MEMORY_H 1
| #define HAVE_STRINGS_H 1
| #define HAVE_INTTYPES_H 1
| #define HAVE_STDINT_H 1
| #define HAVE_UNISTD_H 1
| #define __EXTENSIONS__ 1
| #define _ALL_SOURCE 1
| #define _GNU_SOURCE 1
| #define _POSIX_PTHREAD_SEMANTICS 1
| #define _TANDEM_SOURCE 1
| #define HAVE_ACCEPT4 1
| #define HAVE_STRUCT_TIMESPEC 1
| #define HAVE_CLOCKID_T 1
| #define HAVE_CLOCK_GETTIME 1
| /* end confdefs.h.  */
| #include <pthread.h>
|                         static void routine(void *a) { a = 0; }
|                         static void *start_routine(void *a) { return a; }
| int
| main ()
| {
| pthread_t th; pthread_attr_t attr;
|                         pthread_create(&th, 0, start_routine, 0);
|                         pthread_join(th, 0);
|                         pthread_attr_init(&attr);
|                         pthread_cleanup_push(routine, 0);
|                         pthread_cleanup_pop(0) /* ; */
|   ;
|   return 0;
| }
configure:5264: result: no
configure:5167: checking whether pthreads work with -Kthread
configure:5255: gcc -o conftest -O3 -Kthread    conftest.c   >&5
gcc: error: unrecognized command line option '-Kthread'
configure:5255: $? = 1
configure: failed program was:
| /* confdefs.h */
| #define PACKAGE_NAME "netdata"
| #define PACKAGE_TARNAME "netdata"
| #define PACKAGE_VERSION "1.4.1_master"
| #define PACKAGE_STRING "netdata 1.4.1_master"
| #define PACKAGE_BUGREPORT ""
| #define PACKAGE_URL ""
| #define PACKAGE "netdata"
| #define VERSION "1.4.1_master"
| #define STDC_HEADERS 1
| #define HAVE_SYS_TYPES_H 1
| #define HAVE_SYS_STAT_H 1
| #define HAVE_STDLIB_H 1
| #define HAVE_STRING_H 1
| #define HAVE_MEMORY_H 1
| #define HAVE_STRINGS_H 1
| #define HAVE_INTTYPES_H 1
| #define HAVE_STDINT_H 1
| #define HAVE_UNISTD_H 1
| #define __EXTENSIONS__ 1
| #define _ALL_SOURCE 1
| #define _GNU_SOURCE 1
| #define _POSIX_PTHREAD_SEMANTICS 1
| #define _TANDEM_SOURCE 1
| #define HAVE_ACCEPT4 1
| #define HAVE_STRUCT_TIMESPEC 1
| #define HAVE_CLOCKID_T 1
| #define HAVE_CLOCK_GETTIME 1
| /* end confdefs.h.  */
| #include <pthread.h>
|                         static void routine(void *a) { a = 0; }
|                         static void *start_routine(void *a) { return a; }
| int
| main ()
| {
| pthread_t th; pthread_attr_t attr;
|                         pthread_create(&th, 0, start_routine, 0);
|                         pthread_join(th, 0);
|                         pthread_attr_init(&attr);
|                         pthread_cleanup_push(routine, 0);
|                         pthread_cleanup_pop(0) /* ; */
|   ;
|   return 0;
| }
configure:5264: result: no
configure:5167: checking whether pthreads work with -kthread
configure:5255: gcc -o conftest -O3 -kthread    conftest.c   >&5
gcc: error: unrecognized command line option '-kthread'
configure:5255: $? = 1
configure: failed program was:
| /* confdefs.h */
| #define PACKAGE_NAME "netdata"
| #define PACKAGE_TARNAME "netdata"
| #define PACKAGE_VERSION "1.4.1_master"
| #define PACKAGE_STRING "netdata 1.4.1_master"
| #define PACKAGE_BUGREPORT ""
| #define PACKAGE_URL ""
| #define PACKAGE "netdata"
| #define VERSION "1.4.1_master"
| #define STDC_HEADERS 1
| #define HAVE_SYS_TYPES_H 1
| #define HAVE_SYS_STAT_H 1
| #define HAVE_STDLIB_H 1
| #define HAVE_STRING_H 1
| #define HAVE_MEMORY_H 1
| #define HAVE_STRINGS_H 1
| #define HAVE_INTTYPES_H 1
| #define HAVE_STDINT_H 1
| #define HAVE_UNISTD_H 1
| #define __EXTENSIONS__ 1
| #define _ALL_SOURCE 1
| #define _GNU_SOURCE 1
| #define _POSIX_PTHREAD_SEMANTICS 1
| #define _TANDEM_SOURCE 1
| #define HAVE_ACCEPT4 1
| #define HAVE_STRUCT_TIMESPEC 1
| #define HAVE_CLOCKID_T 1
| #define HAVE_CLOCK_GETTIME 1
| /* end confdefs.h.  */
| #include <pthread.h>
|                         static void routine(void *a) { a = 0; }
|                         static void *start_routine(void *a) { return a; }
| int
| main ()
| {
| pthread_t th; pthread_attr_t attr;
|                         pthread_create(&th, 0, start_routine, 0);
|                         pthread_join(th, 0);
|                         pthread_attr_init(&attr);
|                         pthread_cleanup_push(routine, 0);
|                         pthread_cleanup_pop(0) /* ; */
|   ;
|   return 0;
| }
configure:5264: result: no
configure:5217: checking for the pthreads library -llthread
configure:5255: gcc -o conftest -O3     conftest.c -llthread  >&5
/usr/bin/ld: cannot find -llthread
collect2: error: ld returned 1 exit status
configure:5255: $? = 1
configure: failed program was:
| /* confdefs.h */
| #define PACKAGE_NAME "netdata"
| #define PACKAGE_TARNAME "netdata"
| #define PACKAGE_VERSION "1.4.1_master"
| #define PACKAGE_STRING "netdata 1.4.1_master"
| #define PACKAGE_BUGREPORT ""
| #define PACKAGE_URL ""
| #define PACKAGE "netdata"
| #define VERSION "1.4.1_master"
| #define STDC_HEADERS 1
| #define HAVE_SYS_TYPES_H 1
| #define HAVE_SYS_STAT_H 1
| #define HAVE_STDLIB_H 1
| #define HAVE_STRING_H 1
| #define HAVE_MEMORY_H 1
| #define HAVE_STRINGS_H 1
| #define HAVE_INTTYPES_H 1
| #define HAVE_STDINT_H 1
| #define HAVE_UNISTD_H 1
| #define __EXTENSIONS__ 1
| #define _ALL_SOURCE 1
| #define _GNU_SOURCE 1
| #define _POSIX_PTHREAD_SEMANTICS 1
| #define _TANDEM_SOURCE 1
| #define HAVE_ACCEPT4 1
| #define HAVE_STRUCT_TIMESPEC 1
| #define HAVE_CLOCKID_T 1
| #define HAVE_CLOCK_GETTIME 1
| /* end confdefs.h.  */
| #include <pthread.h>
|                         static void routine(void *a) { a = 0; }
|                         static void *start_routine(void *a) { return a; }
| int
| main ()
| {
| pthread_t th; pthread_attr_t attr;
|                         pthread_create(&th, 0, start_routine, 0);
|                         pthread_join(th, 0);
|                         pthread_attr_init(&attr);
|                         pthread_cleanup_push(routine, 0);
|                         pthread_cleanup_pop(0) /* ; */
|   ;
|   return 0;
| }
configure:5264: result: no
configure:5167: checking whether pthreads work with -pthread
configure:5255: gcc -o conftest -O3 -pthread    conftest.c   >&5
configure:5255: $? = 0
configure:5264: result: yes
configure:5283: checking for joinable pthread attribute
configure:5298: gcc -o conftest -O3 -pthread   conftest.c   >&5
configure:5298: $? = 0
configure:5304: result: PTHREAD_CREATE_JOINABLE
configure:5314: checking if more special flags are required for pthreads
configure:5329: result: no
configure:5335: checking for PTHREAD_PRIO_INHERIT
configure:5352: gcc -o conftest -O3 -pthread   conftest.c   >&5
configure:5352: $? = 0
configure:5361: result: yes
configure:5698: checking for mallopt
configure:5711: gcc -o conftest -O3 -pthread   conftest.c   >&5
configure:5711: $? = 0
configure:5719: result: yes
configure:5727: checking for mallinfo
configure:5750: gcc -o conftest -O3 -pthread   conftest.c   >&5
configure:5750: $? = 0
configure:5758: result: yes
configure:5769: checking for uint8_t
configure:5769: gcc -c -O3 -pthread  conftest.c >&5
configure:5769: $? = 0
configure:5769: result: yes
configure:5783: checking for uint16_t
configure:5783: gcc -c -O3 -pthread  conftest.c >&5
configure:5783: $? = 0
configure:5783: result: yes
configure:5795: checking for uint32_t
configure:5795: gcc -c -O3 -pthread  conftest.c >&5
configure:5795: $? = 0
configure:5795: result: yes
configure:5809: checking for inline
configure:5825: gcc -c -O3 -pthread  conftest.c >&5
configure:5825: $? = 0
configure:5833: result: inline
configure:5851: checking whether strerror_r is declared
configure:5851: gcc -c -O3 -pthread  conftest.c >&5
configure:5851: $? = 0
configure:5851: result: yes
configure:5864: checking for strerror_r
configure:5864: gcc -o conftest -O3 -pthread   conftest.c   >&5
configure:5864: $? = 0
configure:5864: result: yes
configure:5873: checking whether strerror_r returns char *
configure:5897: gcc -c -O3 -pthread  conftest.c >&5
configure:5897: $? = 0
configure:5935: result: yes
configure:5943: checking for _Generic
configure:5962: gcc -c -O3 -pthread  conftest.c >&5
conftest.c: In function 'main':
conftest.c:41:35: error: expected expression before 'int'
           int a = _Generic (argc, int: argc = 1);
                                   ^
conftest.c:42:37: error: expected expression before 'default'
           int *b = &_Generic (argc, default: argc);
                                     ^
conftest.c:43:39: error: expected expression before 'int'
           char ***c = _Generic (argv, int: argc, default: argv ? &argv : 0);
                                       ^
conftest.c:44:32: error: expected expression before 'int'
           _Generic (1 ? 0 : b, int: a, default: b) = &argc;
                                ^
conftest.c:45:28: error: expected expression before 'default'
           _Generic (a = 1, default: a) = 3;
                            ^
configure:5962: $? = 1
configure: failed program was:
| /* confdefs.h */
| #define PACKAGE_NAME "netdata"
| #define PACKAGE_TARNAME "netdata"
| #define PACKAGE_VERSION "1.4.1_master"
| #define PACKAGE_STRING "netdata 1.4.1_master"
| #define PACKAGE_BUGREPORT ""
| #define PACKAGE_URL ""
| #define PACKAGE "netdata"
| #define VERSION "1.4.1_master"
| #define STDC_HEADERS 1
| #define HAVE_SYS_TYPES_H 1
| #define HAVE_SYS_STAT_H 1
| #define HAVE_STDLIB_H 1
| #define HAVE_STRING_H 1
| #define HAVE_MEMORY_H 1
| #define HAVE_STRINGS_H 1
| #define HAVE_INTTYPES_H 1
| #define HAVE_STDINT_H 1
| #define HAVE_UNISTD_H 1
| #define __EXTENSIONS__ 1
| #define _ALL_SOURCE 1
| #define _GNU_SOURCE 1
| #define _POSIX_PTHREAD_SEMANTICS 1
| #define _TANDEM_SOURCE 1
| #define HAVE_ACCEPT4 1
| #define HAVE_STRUCT_TIMESPEC 1
| #define HAVE_CLOCKID_T 1
| #define HAVE_CLOCK_GETTIME 1
| #define HAVE_PTHREAD_PRIO_INHERIT 1
| #define HAVE_PTHREAD 1
| #define prefix_jemalloc 
| #define HAVE_C_MALLOPT 1
| #define HAVE_C_MALLINFO 1
| #define HAVE_DECL_STRERROR_R 1
| #define HAVE_STRERROR_R 1
| #define STRERROR_R_CHAR_P 1
| /* end confdefs.h.  */
| int
|         main (int argc, char **argv)
|         {
|           int a = _Generic (argc, int: argc = 1);
|           int *b = &_Generic (argc, default: argc);
|           char ***c = _Generic (argv, int: argc, default: argv ? &argv : 0);
|           _Generic (1 ? 0 : b, int: a, default: b) = &argc;
|           _Generic (a = 1, default: a) = 3;
|           return a + !b + !c;
|         }
| 
configure:5969: result: no
configure:5977: checking for __atomic
configure:5999: gcc -o conftest -O3 -pthread   conftest.c   >&5
configure:5999: $? = 0
configure:6007: result: yes
configure:6019: checking size of void *
configure:6024: gcc -o conftest -O3 -pthread   conftest.c   >&5
configure:6024: $? = 0
configure:6024: ./conftest
configure:6024: $? = 0
configure:6038: result: 8
configure:6103: checking for sin in -lm
configure:6128: gcc -o conftest -O3 -pthread   conftest.c -lm    >&5
conftest.c:47:6: warning: conflicting types for built-in function 'sin' [enabled by default]
 char sin ();
      ^
configure:6128: $? = 0
configure:6137: result: yes
configure:6148: checking for UUID
configure:6155: $PKG_CONFIG --exists --print-errors "uuid"
configure:6158: $? = 0
configure:6172: $PKG_CONFIG --exists --print-errors "uuid"
configure:6175: $? = 0
configure:6233: result: yes
configure:6438: checking for ZLIB
configure:6445: $PKG_CONFIG --exists --print-errors "zlib"
configure:6448: $? = 0
configure:6462: $PKG_CONFIG --exists --print-errors "zlib"
configure:6465: $? = 0
configure:6523: result: yes
configure:6722: checking that generated files are newer than configure
configure:6728: result: done
configure:6755: creating ./config.status

## ---------------------- ##
## Running config.status. ##
## ---------------------- ##

This file was extended by netdata config.status 1.4.1_master, which was
generated by GNU Autoconf 2.69.  Invocation command line was

  CONFIG_FILES    = 
  CONFIG_HEADERS  = 
  CONFIG_LINKS    = 
  CONFIG_COMMANDS = 
  $ ./config.status 

on 5209r.smd.net

config.status:942: creating Makefile
config.status:942: creating charts.d/Makefile
config.status:942: creating conf.d/Makefile
config.status:942: creating netdata.spec
config.status:942: creating python.d/Makefile
config.status:942: creating node.d/Makefile
config.status:942: creating plugins.d/Makefile
config.status:942: creating src/Makefile
config.status:942: creating system/Makefile
config.status:942: creating web/Makefile
config.status:942: creating contrib/Makefile
config.status:942: creating config.h
config.status:1171: executing depfiles commands

## ---------------- ##
## Cache variables. ##
## ---------------- ##

ac_cv_build=x86_64-unknown-linux-gnu
ac_cv_c__Generic=no
ac_cv_c___atomic=yes
ac_cv_c_compiler_gnu=yes
ac_cv_c_inline=inline
ac_cv_c_mallinfo=yes
ac_cv_c_mallopt=yes
ac_cv_c_uint16_t=yes
ac_cv_c_uint32_t=yes
ac_cv_c_uint8_t=yes
ac_cv_env_CC_set=
ac_cv_env_CC_value=
ac_cv_env_CFLAGS_set=set
ac_cv_env_CFLAGS_value=-O3
ac_cv_env_CPPFLAGS_set=
ac_cv_env_CPPFLAGS_value=
ac_cv_env_CPP_set=
ac_cv_env_CPP_value=
ac_cv_env_LDFLAGS_set=
ac_cv_env_LDFLAGS_value=
ac_cv_env_LIBMNL_CFLAGS_set=
ac_cv_env_LIBMNL_CFLAGS_value=
ac_cv_env_LIBMNL_LIBS_set=
ac_cv_env_LIBMNL_LIBS_value=
ac_cv_env_LIBS_set=
ac_cv_env_LIBS_value=
ac_cv_env_MATH_CFLAGS_set=
ac_cv_env_MATH_CFLAGS_value=
ac_cv_env_MATH_LIBS_set=
ac_cv_env_MATH_LIBS_value=
ac_cv_env_NFACCT_CFLAGS_set=
ac_cv_env_NFACCT_CFLAGS_value=
ac_cv_env_NFACCT_LIBS_set=
ac_cv_env_NFACCT_LIBS_value=
ac_cv_env_PKG_CONFIG_LIBDIR_set=
ac_cv_env_PKG_CONFIG_LIBDIR_value=
ac_cv_env_PKG_CONFIG_PATH_set=
ac_cv_env_PKG_CONFIG_PATH_value=
ac_cv_env_PKG_CONFIG_set=
ac_cv_env_PKG_CONFIG_value=
ac_cv_env_SSE_CANDIDATE_set=
ac_cv_env_SSE_CANDIDATE_value=
ac_cv_env_UUID_CFLAGS_set=
ac_cv_env_UUID_CFLAGS_value=
ac_cv_env_UUID_LIBS_set=
ac_cv_env_UUID_LIBS_value=
ac_cv_env_ZLIB_CFLAGS_set=
ac_cv_env_ZLIB_CFLAGS_value=
ac_cv_env_ZLIB_LIBS_set=
ac_cv_env_ZLIB_LIBS_value=
ac_cv_env_build_alias_set=
ac_cv_env_build_alias_value=
ac_cv_env_host_alias_set=
ac_cv_env_host_alias_value=
ac_cv_env_target_alias_set=
ac_cv_env_target_alias_value=
ac_cv_func_accept4=yes
ac_cv_func_clock_gettime=yes
ac_cv_func_strerror_r=yes
ac_cv_func_strerror_r_char_p=yes
ac_cv_have_decl_strerror_r=yes
ac_cv_header_inttypes_h=yes
ac_cv_header_memory_h=yes
ac_cv_header_minix_config_h=no
ac_cv_header_stdc=yes
ac_cv_header_stdint_h=yes
ac_cv_header_stdlib_h=yes
ac_cv_header_string_h=yes
ac_cv_header_strings_h=yes
ac_cv_header_sys_stat_h=yes
ac_cv_header_sys_types_h=yes
ac_cv_header_unistd_h=yes
ac_cv_host=x86_64-unknown-linux-gnu
ac_cv_lib_m_sin=yes
ac_cv_objext=o
ac_cv_path_EGREP='/usr/bin/grep -E'
ac_cv_path_GREP=/usr/bin/grep
ac_cv_path_ac_pt_PKG_CONFIG=/usr/bin/pkg-config
ac_cv_path_install='/usr/bin/install -c'
ac_cv_path_mkdir=/usr/bin/mkdir
ac_cv_prog_AWK=gawk
ac_cv_prog_CPP='gcc -E'
ac_cv_prog_ac_ct_CC=gcc
ac_cv_prog_cc_c89=
ac_cv_prog_cc_g=yes
ac_cv_prog_make_make_set=yes
ac_cv_safe_to_define___extensions__=yes
ac_cv_search_clock_gettime='none required'
ac_cv_sizeof_void_p=8
ac_cv_type_clockid_t=yes
ac_cv_type_struct_timespec=yes
am_cv_CC_dependencies_compiler_type=gcc3
am_cv_make_support_nested_variables=yes
ax_cv_PTHREAD_PRIO_INHERIT=yes
pkg_cv_UUID_CFLAGS='-I/usr/include/uuid  '
pkg_cv_UUID_LIBS='-luuid  '
pkg_cv_ZLIB_CFLAGS=' '
pkg_cv_ZLIB_LIBS='-lz  '

## ----------------- ##
## Output variables. ##
## ----------------- ##

ACLOCAL='${SHELL} /home/install/netdata/netdata/missing aclocal-1.13'
AMDEPBACKSLASH='\'
AMDEP_FALSE='#'
AMDEP_TRUE=''
AMTAR='$${TAR-tar}'
AM_BACKSLASH='\'
AM_DEFAULT_V='$(AM_DEFAULT_VERBOSITY)'
AM_DEFAULT_VERBOSITY='1'
AM_V='$(V)'
AUTOCONF='${SHELL} /home/install/netdata/netdata/missing autoconf'
AUTOHEADER='${SHELL} /home/install/netdata/netdata/missing autoheader'
AUTOMAKE='${SHELL} /home/install/netdata/netdata/missing automake-1.13'
AWK='gawk'
CC='gcc'
CCDEPMODE='depmode=gcc3'
CFLAGS='-O3 -pthread'
CPP='gcc -E'
CPPFLAGS=''
CYGPATH_W='echo'
DEFS='-DHAVE_CONFIG_H'
DEPDIR='.deps'
ECHO_C=''
ECHO_N='-n'
ECHO_T=''
EGREP='/usr/bin/grep -E'
EXEEXT=''
FREEBSD_FALSE=''
FREEBSD_TRUE='#'
GREP='/usr/bin/grep'
INSTALL_DATA='${INSTALL} -m 644'
INSTALL_PROGRAM='${INSTALL}'
INSTALL_SCRIPT='${INSTALL}'
INSTALL_STRIP_PROGRAM='$(install_sh) -c -s'
LDFLAGS=''
LIBMNL_CFLAGS=''
LIBMNL_LIBS=''
LIBOBJS=''
LIBS=' '
LTLIBOBJS=''
MAINT='#'
MAINTAINER_MODE_FALSE=''
MAINTAINER_MODE_TRUE='#'
MAKEINFO='${SHELL} /home/install/netdata/netdata/missing makeinfo'
MATH_CFLAGS=''
MATH_LIBS='-lm'
MKDIR_P='/usr/bin/mkdir -p'
NFACCT_CFLAGS=''
NFACCT_LIBS=''
OBJEXT='o'
OPTIONAL_MATH_CLFAGS=''
OPTIONAL_MATH_LIBS='-lm'
OPTIONAL_NFACCT_CLFAGS=''
OPTIONAL_NFACCT_LIBS=''
OPTIONAL_UUID_CLFAGS='-I/usr/include/uuid  '
OPTIONAL_UUID_LIBS='-luuid  '
OPTIONAL_ZLIB_CLFAGS=' '
OPTIONAL_ZLIB_LIBS='-lz  '
PACKAGE='netdata'
PACKAGE_BUGREPORT=''
PACKAGE_NAME='netdata'
PACKAGE_RPM_RELEASE=''
PACKAGE_RPM_VERSION='1.4.1'
PACKAGE_STRING='netdata 1.4.1_master'
PACKAGE_TARNAME='netdata'
PACKAGE_URL=''
PACKAGE_VERSION='1.4.1_master'
PATH_SEPARATOR=':'
PKG_CONFIG='/usr/bin/pkg-config'
PKG_CONFIG_LIBDIR=''
PKG_CONFIG_PATH=''
PTHREAD_CC='gcc'
PTHREAD_CFLAGS='-pthread'
PTHREAD_LIBS=''
SET_MAKE=''
SHELL='/bin/sh'
SSE_CANDIDATE=''
STRIP=''
UUID_CFLAGS='-I/usr/include/uuid  '
UUID_LIBS='-luuid  '
VERSION='1.4.1_master'
ZLIB_CFLAGS=' '
ZLIB_LIBS='-lz  '
ac_ct_CC='gcc'
am__EXEEXT_FALSE=''
am__EXEEXT_TRUE='#'
am__fastdepCC_FALSE='#'
am__fastdepCC_TRUE=''
am__include='include'
am__isrc=''
am__leading_dot='.'
am__nodep='_no'
am__quote=''
am__tar='$${TAR-tar} chof - "$$tardir"'
am__untar='$${TAR-tar} xf -'
ax_pthread_config=''
bindir='${exec_prefix}/bin'
build='x86_64-unknown-linux-gnu'
build_alias=''
build_cpu='x86_64'
build_os='linux-gnu'
build_vendor='unknown'
cachedir='$(localstatedir)/cache/netdata'
chartsdir='$(libexecdir)/netdata/charts.d'
configdir='$(sysconfdir)/netdata'
datadir='${datarootdir}'
datarootdir='${prefix}/share'
docdir='${datarootdir}/doc/${PACKAGE_TARNAME}'
dvidir='${docdir}'
exec_prefix='${prefix}'
has_jemalloc='0'
has_tcmalloc='0'
host='x86_64-unknown-linux-gnu'
host_alias=''
host_cpu='x86_64'
host_os='linux-gnu'
host_vendor='unknown'
htmldir='${docdir}'
includedir='${prefix}/include'
infodir='${datarootdir}/info'
install_sh='${SHELL} /home/install/netdata/netdata/install-sh'
libdir='${exec_prefix}/lib'
libexecdir='${exec_prefix}/libexec'
localedir='${datarootdir}/locale'
localstatedir='/var'
logdir='$(localstatedir)/log/netdata'
mandir='${datarootdir}/man'
mkdir_p='$(MKDIR_P)'
nodedir='$(libexecdir)/netdata/node.d'
oldincludedir='/usr/include'
pdfdir='${docdir}'
pluginsdir='$(libexecdir)/netdata/plugins.d'
prefix='/usr'
program_transform_name='s,x,x,'
psdir='${docdir}'
pythondir='$(libexecdir)/netdata/python.d'
registrydir='$(localstatedir)/lib/netdata/registry'
sbindir='${exec_prefix}/sbin'
sharedstatedir='${prefix}/com'
sysconfdir='/etc'
target_alias=''
varlibdir='$(localstatedir)/lib/netdata'
webdir='$(pkgdatadir)/web'

## ----------- ##
## confdefs.h. ##
## ----------- ##

/* confdefs.h */
#define PACKAGE_NAME "netdata"
#define PACKAGE_TARNAME "netdata"
#define PACKAGE_VERSION "1.4.1_master"
#define PACKAGE_STRING "netdata 1.4.1_master"
#define PACKAGE_BUGREPORT ""
#define PACKAGE_URL ""
#define PACKAGE "netdata"
#define VERSION "1.4.1_master"
#define STDC_HEADERS 1
#define HAVE_SYS_TYPES_H 1
#define HAVE_SYS_STAT_H 1
#define HAVE_STDLIB_H 1
#define HAVE_STRING_H 1
#define HAVE_MEMORY_H 1
#define HAVE_STRINGS_H 1
#define HAVE_INTTYPES_H 1
#define HAVE_STDINT_H 1
#define HAVE_UNISTD_H 1
#define __EXTENSIONS__ 1
#define _ALL_SOURCE 1
#define _GNU_SOURCE 1
#define _POSIX_PTHREAD_SEMANTICS 1
#define _TANDEM_SOURCE 1
#define HAVE_ACCEPT4 1
#define HAVE_STRUCT_TIMESPEC 1
#define HAVE_CLOCKID_T 1
#define HAVE_CLOCK_GETTIME 1
#define HAVE_PTHREAD_PRIO_INHERIT 1
#define HAVE_PTHREAD 1
#define prefix_jemalloc 
#define HAVE_C_MALLOPT 1
#define HAVE_C_MALLINFO 1
#define HAVE_DECL_STRERROR_R 1
#define HAVE_STRERROR_R 1
#define STRERROR_R_CHAR_P 1
#define HAVE_C___ATOMIC 1
#define SIZEOF_VOID_P 8
#define NETDATA_WITH_UUID 1
#define NETDATA_WITH_ZLIB 1
#define STORAGE_WITH_MATH 1
#define likely(x) __builtin_expect(!!(x), 1)
#define unlikely(x) __builtin_expect(!!(x), 0)
#define NETDATA_USER "netdata"

configure: exit 0

## ---------------------- ##
## Running config.status. ##
## ---------------------- ##

This file was extended by netdata config.status 1.4.1_master, which was
generated by GNU Autoconf 2.69.  Invocation command line was

  CONFIG_FILES    = 
  CONFIG_HEADERS  = 
  CONFIG_LINKS    = 
  CONFIG_COMMANDS = 
  $ ./config.status netdata.spec

on 5209r.smd.net

config.status:942: creating netdata.spec
